<?xml version="1.0" encoding="UTF-8"?>
<!-- Generated by org.testng.reporters.JUnitReportReporter -->
<testsuite hostname="DESKTOP-S7SOFT1" failures="0" tests="1" name="com.qa.pagetests.HomePageTest" time="19.985" errors="0" timestamp="2022-08-19T15:55:08 IST" skipped="0">
  <testcase classname="com.qa.pagetests.HomePageTest" name="clickonRegister" time="19.985"/>
  <system-out/>
</testsuite> <!-- com.qa.pagetests.HomePageTest -->
