<?xml version="1.0" encoding="UTF-8"?>
<!-- Generated by org.testng.reporters.JUnitReportReporter -->
<testsuite hostname="DESKTOP-S7SOFT1" failures="0" tests="1" name="com.qa.pagetests.LoginPageTest" time="59.937" errors="0" timestamp="2022-07-30T22:24:55 IST" skipped="0">
  <testcase classname="com.qa.pagetests.LoginPageTest" name="verifyLoginPageTitle" time="59.937"/>
  <system-out/>
</testsuite> <!-- com.qa.pagetests.LoginPageTest -->
