<?xml version="1.0" encoding="UTF-8"?>
<!-- Generated by org.testng.reporters.JUnitReportReporter -->
<testsuite hostname="DESKTOP-7R54CV9" failures="0" tests="1" name="com.qa.pagetests.HomePageTest" time="18.339" errors="0" timestamp="2022-08-19T13:50:01 IST" skipped="0">
  <testcase classname="com.qa.pagetests.HomePageTest" name="clickonRegister" time="18.339"/>
  <system-out/>
</testsuite> <!-- com.qa.pagetests.HomePageTest -->
